2021-09-05 07:51:05,226 (0.000) 
            SELECT name, type FROM sqlite_master
            WHERE type in ('table', 'view') AND NOT name='sqlite_sequence'
            ORDER BY name; args=None
2021-09-05 07:51:05,241 (0.016) SELECT "django_migrations"."id", "django_migrations"."app", "django_migrations"."name", "django_migrations"."applied" FROM "django_migrations"; args=()
2021-09-05 07:51:17,075 (0.000) 
            SELECT name, type FROM sqlite_master
            WHERE type in ('table', 'view') AND NOT name='sqlite_sequence'
            ORDER BY name; args=None
2021-09-05 07:51:17,091 (0.000) SELECT "django_migrations"."id", "django_migrations"."app", "django_migrations"."name", "django_migrations"."applied" FROM "django_migrations"; args=()
2021-09-05 07:51:51,610 (0.437) INSERT INTO "app_notes" ("title", "content", "urgency", "created_at", "updated_at") VALUES ('dsf', 'sdfsdfdsfsgsg', 'dfgf', '2021-09-05 02:21:51.172728', '2021-09-05 02:21:51.172728'); args=['dsf', 'sdfsdfdsfsgsg', 'dfgf', '2021-09-05 02:21:51.172728', '2021-09-05 02:21:51.172728']
2021-09-05 07:51:51,657 (0.000) SELECT "app_notes"."id", "app_notes"."title", "app_notes"."content", "app_notes"."urgency", "app_notes"."created_at", "app_notes"."updated_at" FROM "app_notes"; args=()
2021-09-05 07:52:05,090 (0.282) INSERT INTO "app_notes" ("title", "content", "urgency", "created_at", "updated_at") VALUES ('dsfsdfds', 'dfsf', 'fdsf', '2021-09-05 02:22:04.809101', '2021-09-05 02:22:04.809101'); args=['dsfsdfds', 'dfsf', 'fdsf', '2021-09-05 02:22:04.809101', '2021-09-05 02:22:04.809101']
2021-09-05 07:52:05,121 (0.016) SELECT "app_notes"."id", "app_notes"."title", "app_notes"."content", "app_notes"."urgency", "app_notes"."created_at", "app_notes"."updated_at" FROM "app_notes"; args=()
2021-09-05 07:52:53,866 (0.000) 
            SELECT name, type FROM sqlite_master
            WHERE type in ('table', 'view') AND NOT name='sqlite_sequence'
            ORDER BY name; args=None
2021-09-05 07:52:53,882 (0.000) SELECT "django_migrations"."id", "django_migrations"."app", "django_migrations"."name", "django_migrations"."applied" FROM "django_migrations"; args=()
2021-09-05 07:53:35,711 (0.000) 
            SELECT name, type FROM sqlite_master
            WHERE type in ('table', 'view') AND NOT name='sqlite_sequence'
            ORDER BY name; args=None
2021-09-05 07:53:35,727 (0.000) SELECT "django_migrations"."id", "django_migrations"."app", "django_migrations"."name", "django_migrations"."applied" FROM "django_migrations"; args=()
2021-09-05 07:53:38,180 (0.000) SELECT "app_notes"."id", "app_notes"."title", "app_notes"."content", "app_notes"."urgency", "app_notes"."created_at", "app_notes"."updated_at" FROM "app_notes"; args=()
2021-09-05 07:55:50,938 (0.000) 
            SELECT name, type FROM sqlite_master
            WHERE type in ('table', 'view') AND NOT name='sqlite_sequence'
            ORDER BY name; args=None
2021-09-05 07:55:50,954 (0.000) SELECT "django_migrations"."id", "django_migrations"."app", "django_migrations"."name", "django_migrations"."applied" FROM "django_migrations"; args=()
2021-09-05 07:58:00,235 (0.000) 
            SELECT name, type FROM sqlite_master
            WHERE type in ('table', 'view') AND NOT name='sqlite_sequence'
            ORDER BY name; args=None
2021-09-05 07:58:00,259 (0.000) SELECT "django_migrations"."id", "django_migrations"."app", "django_migrations"."name", "django_migrations"."applied" FROM "django_migrations"; args=()
2021-09-05 07:58:23,126 (0.000) 
            SELECT name, type FROM sqlite_master
            WHERE type in ('table', 'view') AND NOT name='sqlite_sequence'
            ORDER BY name; args=None
2021-09-05 07:58:23,138 (0.000) SELECT "django_migrations"."id", "django_migrations"."app", "django_migrations"."name", "django_migrations"."applied" FROM "django_migrations"; args=()
2021-09-05 07:58:51,448 (0.000) 
            SELECT name, type FROM sqlite_master
            WHERE type in ('table', 'view') AND NOT name='sqlite_sequence'
            ORDER BY name; args=None
2021-09-05 07:58:51,464 (0.000) SELECT "django_migrations"."id", "django_migrations"."app", "django_migrations"."name", "django_migrations"."applied" FROM "django_migrations"; args=()
2021-09-05 08:00:34,288 (0.000) 
            SELECT name, type FROM sqlite_master
            WHERE type in ('table', 'view') AND NOT name='sqlite_sequence'
            ORDER BY name; args=None
2021-09-05 08:00:34,364 (0.000) SELECT "django_migrations"."id", "django_migrations"."app", "django_migrations"."name", "django_migrations"."applied" FROM "django_migrations"; args=()
2021-09-05 08:01:40,838 (0.000) 
            SELECT name, type FROM sqlite_master
            WHERE type in ('table', 'view') AND NOT name='sqlite_sequence'
            ORDER BY name; args=None
2021-09-05 08:01:40,854 (0.015) SELECT "django_migrations"."id", "django_migrations"."app", "django_migrations"."name", "django_migrations"."applied" FROM "django_migrations"; args=()
2021-09-05 08:02:06,355 (0.313) INSERT INTO "app_notes" ("title", "content", "urgency", "created_at", "updated_at") VALUES ('xdvcx', 'vcxvxcvvcxvv', 'cxv', '2021-09-05 02:32:06.027811', '2021-09-05 02:32:06.027811'); args=['xdvcx', 'vcxvxcvvcxvv', 'cxv', '2021-09-05 02:32:06.027811', '2021-09-05 02:32:06.027811']
2021-09-05 08:02:06,449 (0.000) SELECT "app_notes"."id", "app_notes"."title", "app_notes"."content", "app_notes"."urgency", "app_notes"."created_at", "app_notes"."updated_at" FROM "app_notes"; args=()
2021-09-05 08:03:17,213 (0.000) 
            SELECT name, type FROM sqlite_master
            WHERE type in ('table', 'view') AND NOT name='sqlite_sequence'
            ORDER BY name; args=None
2021-09-05 08:03:17,229 (0.000) SELECT "django_migrations"."id", "django_migrations"."app", "django_migrations"."name", "django_migrations"."applied" FROM "django_migrations"; args=()
2021-09-05 08:06:51,896 (0.000) 
            SELECT name, type FROM sqlite_master
            WHERE type in ('table', 'view') AND NOT name='sqlite_sequence'
            ORDER BY name; args=None
2021-09-05 08:06:51,990 (0.047) SELECT "django_migrations"."id", "django_migrations"."app", "django_migrations"."name", "django_migrations"."applied" FROM "django_migrations"; args=()
2021-09-05 08:11:08,481 (0.015) 
            SELECT name, type FROM sqlite_master
            WHERE type in ('table', 'view') AND NOT name='sqlite_sequence'
            ORDER BY name; args=None
2021-09-05 08:11:08,481 (0.000) SELECT "django_migrations"."id", "django_migrations"."app", "django_migrations"."name", "django_migrations"."applied" FROM "django_migrations"; args=()
2021-09-05 08:11:57,054 (0.000) 
            SELECT name, type FROM sqlite_master
            WHERE type in ('table', 'view') AND NOT name='sqlite_sequence'
            ORDER BY name; args=None
2021-09-05 08:11:57,070 (0.000) SELECT "django_migrations"."id", "django_migrations"."app", "django_migrations"."name", "django_migrations"."applied" FROM "django_migrations"; args=()
2021-09-05 08:19:23,320 (0.000) 
            SELECT name, type FROM sqlite_master
            WHERE type in ('table', 'view') AND NOT name='sqlite_sequence'
            ORDER BY name; args=None
2021-09-05 08:19:23,336 (0.000) SELECT "django_migrations"."id", "django_migrations"."app", "django_migrations"."name", "django_migrations"."applied" FROM "django_migrations"; args=()
2021-09-05 09:05:11,571 (0.000) 
            SELECT name, type FROM sqlite_master
            WHERE type in ('table', 'view') AND NOT name='sqlite_sequence'
            ORDER BY name; args=None
2021-09-05 09:05:11,602 (0.000) SELECT "django_migrations"."id", "django_migrations"."app", "django_migrations"."name", "django_migrations"."applied" FROM "django_migrations"; args=()
2021-09-05 09:06:45,301 (0.000) 
            SELECT name, type FROM sqlite_master
            WHERE type in ('table', 'view') AND NOT name='sqlite_sequence'
            ORDER BY name; args=None
2021-09-05 09:06:45,317 (0.016) SELECT "django_migrations"."id", "django_migrations"."app", "django_migrations"."name", "django_migrations"."applied" FROM "django_migrations"; args=()
2021-09-05 09:07:25,595 (0.078) SELECT "app_notes"."id", "app_notes"."title", "app_notes"."content", "app_notes"."urgency", "app_notes"."created_at", "app_notes"."updated_at" FROM "app_notes" WHERE "app_notes"."id" = 9 LIMIT 21; args=(9,)
2021-09-05 09:07:28,516 (0.000) SELECT "app_notes"."id", "app_notes"."title", "app_notes"."content", "app_notes"."urgency", "app_notes"."created_at", "app_notes"."updated_at" FROM "app_notes" WHERE "app_notes"."id" = 9 LIMIT 21; args=(9,)
2021-09-05 09:07:28,766 (0.235) DELETE FROM "app_notes" WHERE "app_notes"."id" IN (9); args=(9,)
2021-09-05 09:07:28,953 (0.000) SELECT "app_notes"."id", "app_notes"."title", "app_notes"."content", "app_notes"."urgency", "app_notes"."created_at", "app_notes"."updated_at" FROM "app_notes"; args=()
2021-09-05 09:16:07,212 (0.000) 
            SELECT name, type FROM sqlite_master
            WHERE type in ('table', 'view') AND NOT name='sqlite_sequence'
            ORDER BY name; args=None
2021-09-05 09:16:07,259 (0.000) SELECT "django_migrations"."id", "django_migrations"."app", "django_migrations"."name", "django_migrations"."applied" FROM "django_migrations"; args=()
2021-09-05 09:17:49,487 (0.000) 
            SELECT name, type FROM sqlite_master
            WHERE type in ('table', 'view') AND NOT name='sqlite_sequence'
            ORDER BY name; args=None
2021-09-05 09:17:49,487 (0.000) SELECT "django_migrations"."id", "django_migrations"."app", "django_migrations"."name", "django_migrations"."applied" FROM "django_migrations"; args=()
2021-09-05 09:19:04,467 (0.000) 
            SELECT name, type FROM sqlite_master
            WHERE type in ('table', 'view') AND NOT name='sqlite_sequence'
            ORDER BY name; args=None
2021-09-05 09:19:04,479 (0.000) SELECT "django_migrations"."id", "django_migrations"."app", "django_migrations"."name", "django_migrations"."applied" FROM "django_migrations"; args=()
2021-09-05 09:21:31,119 (0.000) 
            SELECT name, type FROM sqlite_master
            WHERE type in ('table', 'view') AND NOT name='sqlite_sequence'
            ORDER BY name; args=None
2021-09-05 09:21:31,135 (0.000) SELECT "django_migrations"."id", "django_migrations"."app", "django_migrations"."name", "django_migrations"."applied" FROM "django_migrations"; args=()
